  MapTag.cpp
C:\Program Files (x86)\Microsoft Visual Studio\2019\Community\VC\Tools\MSVC\14.28.29333\include\xutility(1614,27): warning C4244: 'argument': conversion from 'double' to 'const _Ty', possible loss of data
          with
          [
              _Ty=int
          ]
C:\Program Files (x86)\Microsoft Visual Studio\2019\Community\VC\Tools\MSVC\14.28.29333\include\xutility(1613): message : see reference to function template instantiation 'bool std::_Debug_lt_pred<_Pr&,double&,double&,0>(std::greater<int>&,_Ty1,_Ty2) noexcept(<expr>)' being compiled
          with
          [
              _Pr=std::greater<int>,
              _Ty1=double &,
              _Ty2=double &
          ]
C:\Program Files (x86)\Microsoft Visual Studio\2019\Community\VC\Tools\MSVC\14.28.29333\include\algorithm(7541): message : see reference to function template instantiation '_BidIt std::_Insertion_sort_unchecked<_RanIt,_Pr>(const _BidIt,const _BidIt,_Pr)' being compiled
          with
          [
              _BidIt=double *,
              _RanIt=double *,
              _Pr=std::greater<int>
          ]
C:\Program Files (x86)\Microsoft Visual Studio\2019\Community\VC\Tools\MSVC\14.28.29333\include\algorithm(7571): message : see reference to function template instantiation 'void std::_Sort_unchecked<double*,_Fn>(_RanIt,_RanIt,int,_Pr)' being compiled
          with
          [
              _Fn=std::greater<int>,
              _RanIt=double *,
              _Pr=std::greater<int>
          ]
D:\1.Sofia University Bachelor\Third Course\Data Structures\project iml\IML-Parser-Console\IML-Parser-Console\Reckoning.h(136): message : see reference to function template instantiation 'void std::sort<std::_Vector_iterator<std::_Vector_val<std::_Simple_types<_Ty>>>,std::greater<int>>(const _RanIt,const _RanIt,_Pr)' being compiled
          with
          [
              _Ty=double,
              _RanIt=std::_Vector_iterator<std::_Vector_val<std::_Simple_types<double>>>,
              _Pr=std::greater<int>
          ]
C:\Program Files (x86)\Microsoft Visual Studio\2019\Community\VC\Tools\MSVC\14.28.29333\include\xutility(1614,20): warning C4244: 'argument': conversion from 'double' to 'const _Ty', possible loss of data
          with
          [
              _Ty=int
          ]
C:\Program Files (x86)\Microsoft Visual Studio\2019\Community\VC\Tools\MSVC\14.28.29333\include\xutility(1614,62): warning C4244: 'argument': conversion from 'double' to 'const _Ty', possible loss of data
          with
          [
              _Ty=int
          ]
C:\Program Files (x86)\Microsoft Visual Studio\2019\Community\VC\Tools\MSVC\14.28.29333\include\xutility(1614,54): warning C4244: 'argument': conversion from 'double' to 'const _Ty', possible loss of data
          with
          [
              _Ty=int
          ]
C:\Program Files (x86)\Microsoft Visual Studio\2019\Community\VC\Tools\MSVC\14.28.29333\include\algorithm(7475,32): warning C4244: 'argument': conversion from 'double' to 'const _Ty', possible loss of data
          with
          [
              _Ty=int
          ]
C:\Program Files (x86)\Microsoft Visual Studio\2019\Community\VC\Tools\MSVC\14.28.29333\include\algorithm(7552): message : see reference to function template instantiation 'std::pair<_RanIt,_RanIt> std::_Partition_by_median_guess_unchecked<_RanIt,_Pr>(_RanIt,_RanIt,_Pr)' being compiled
          with
          [
              _RanIt=double *,
              _Pr=std::greater<int>
          ]
C:\Program Files (x86)\Microsoft Visual Studio\2019\Community\VC\Tools\MSVC\14.28.29333\include\algorithm(7475,22): warning C4244: 'argument': conversion from 'double' to 'const _Ty', possible loss of data
          with
          [
              _Ty=int
          ]
C:\Program Files (x86)\Microsoft Visual Studio\2019\Community\VC\Tools\MSVC\14.28.29333\include\algorithm(7479,92): warning C4244: 'argument': conversion from 'double' to 'const _Ty', possible loss of data
          with
          [
              _Ty=int
          ]
C:\Program Files (x86)\Microsoft Visual Studio\2019\Community\VC\Tools\MSVC\14.28.29333\include\algorithm(7479,82): warning C4244: 'argument': conversion from 'double' to 'const _Ty', possible loss of data
          with
          [
              _Ty=int
          ]
C:\Program Files (x86)\Microsoft Visual Studio\2019\Community\VC\Tools\MSVC\14.28.29333\include\algorithm(7490,40): warning C4244: 'argument': conversion from 'double' to 'const _Ty', possible loss of data
          with
          [
              _Ty=int
          ]
C:\Program Files (x86)\Microsoft Visual Studio\2019\Community\VC\Tools\MSVC\14.28.29333\include\algorithm(7490,30): warning C4244: 'argument': conversion from 'double' to 'const _Ty', possible loss of data
          with
          [
              _Ty=int
          ]
C:\Program Files (x86)\Microsoft Visual Studio\2019\Community\VC\Tools\MSVC\14.28.29333\include\algorithm(7503,40): warning C4244: 'argument': conversion from 'double' to 'const _Ty', possible loss of data
          with
          [
              _Ty=int
          ]
C:\Program Files (x86)\Microsoft Visual Studio\2019\Community\VC\Tools\MSVC\14.28.29333\include\algorithm(7503,30): warning C4244: 'argument': conversion from 'double' to 'const _Ty', possible loss of data
          with
          [
              _Ty=int
          ]
C:\Program Files (x86)\Microsoft Visual Studio\2019\Community\VC\Tools\MSVC\14.28.29333\include\xutility(1616,57): warning C4244: 'argument': conversion from 'double' to 'const _Ty', possible loss of data
          with
          [
              _Ty=int
          ]
C:\Program Files (x86)\Microsoft Visual Studio\2019\Community\VC\Tools\MSVC\14.28.29333\include\algorithm(7417): message : see reference to function template instantiation 'bool std::_Debug_lt_pred<_Pr&,double&,double&,0>(std::greater<int>&,_Ty1,_Ty2) noexcept(false)' being compiled
          with
          [
              _Pr=std::greater<int>,
              _Ty1=double &,
              _Ty2=double &
          ]
C:\Program Files (x86)\Microsoft Visual Studio\2019\Community\VC\Tools\MSVC\14.28.29333\include\algorithm(7541): message : see reference to function template instantiation '_BidIt std::_Insertion_sort_unchecked<_RanIt,_Pr>(const _BidIt,const _BidIt,_Pr)' being compiled
          with
          [
              _BidIt=double *,
              _RanIt=double *,
              _Pr=std::greater<int>
          ]
C:\Program Files (x86)\Microsoft Visual Studio\2019\Community\VC\Tools\MSVC\14.28.29333\include\xutility(1616,50): warning C4244: 'argument': conversion from 'double' to 'const _Ty', possible loss of data
          with
          [
              _Ty=int
          ]
C:\Program Files (x86)\Microsoft Visual Studio\2019\Community\VC\Tools\MSVC\14.28.29333\include\xutility(1618,9): warning C4244: 'argument': conversion from 'double' to 'const _Ty', possible loss of data
          with
          [
              _Ty=int
          ]
  Parser.cpp
C:\Program Files (x86)\Microsoft Visual Studio\2019\Community\VC\Tools\MSVC\14.28.29333\include\xutility(1614,27): warning C4244: 'argument': conversion from 'double' to 'const _Ty', possible loss of data
          with
          [
              _Ty=int
          ]
C:\Program Files (x86)\Microsoft Visual Studio\2019\Community\VC\Tools\MSVC\14.28.29333\include\xutility(1613): message : see reference to function template instantiation 'bool std::_Debug_lt_pred<_Pr&,double&,double&,0>(std::greater<int>&,_Ty1,_Ty2) noexcept(<expr>)' being compiled
          with
          [
              _Pr=std::greater<int>,
              _Ty1=double &,
              _Ty2=double &
          ]
C:\Program Files (x86)\Microsoft Visual Studio\2019\Community\VC\Tools\MSVC\14.28.29333\include\algorithm(7541): message : see reference to function template instantiation '_BidIt std::_Insertion_sort_unchecked<_RanIt,_Pr>(const _BidIt,const _BidIt,_Pr)' being compiled
          with
          [
              _BidIt=double *,
              _RanIt=double *,
              _Pr=std::greater<int>
          ]
C:\Program Files (x86)\Microsoft Visual Studio\2019\Community\VC\Tools\MSVC\14.28.29333\include\algorithm(7571): message : see reference to function template instantiation 'void std::_Sort_unchecked<double*,_Fn>(_RanIt,_RanIt,int,_Pr)' being compiled
          with
          [
              _Fn=std::greater<int>,
              _RanIt=double *,
              _Pr=std::greater<int>
          ]
D:\1.Sofia University Bachelor\Third Course\Data Structures\project iml\IML-Parser-Console\IML-Parser-Console\Reckoning.h(136): message : see reference to function template instantiation 'void std::sort<std::_Vector_iterator<std::_Vector_val<std::_Simple_types<_Ty>>>,std::greater<int>>(const _RanIt,const _RanIt,_Pr)' being compiled
          with
          [
              _Ty=double,
              _RanIt=std::_Vector_iterator<std::_Vector_val<std::_Simple_types<double>>>,
              _Pr=std::greater<int>
          ]
C:\Program Files (x86)\Microsoft Visual Studio\2019\Community\VC\Tools\MSVC\14.28.29333\include\xutility(1614,20): warning C4244: 'argument': conversion from 'double' to 'const _Ty', possible loss of data
          with
          [
              _Ty=int
          ]
C:\Program Files (x86)\Microsoft Visual Studio\2019\Community\VC\Tools\MSVC\14.28.29333\include\xutility(1614,62): warning C4244: 'argument': conversion from 'double' to 'const _Ty', possible loss of data
          with
          [
              _Ty=int
          ]
C:\Program Files (x86)\Microsoft Visual Studio\2019\Community\VC\Tools\MSVC\14.28.29333\include\xutility(1614,54): warning C4244: 'argument': conversion from 'double' to 'const _Ty', possible loss of data
          with
          [
              _Ty=int
          ]
C:\Program Files (x86)\Microsoft Visual Studio\2019\Community\VC\Tools\MSVC\14.28.29333\include\algorithm(7475,32): warning C4244: 'argument': conversion from 'double' to 'const _Ty', possible loss of data
          with
          [
              _Ty=int
          ]
C:\Program Files (x86)\Microsoft Visual Studio\2019\Community\VC\Tools\MSVC\14.28.29333\include\algorithm(7552): message : see reference to function template instantiation 'std::pair<_RanIt,_RanIt> std::_Partition_by_median_guess_unchecked<_RanIt,_Pr>(_RanIt,_RanIt,_Pr)' being compiled
          with
          [
              _RanIt=double *,
              _Pr=std::greater<int>
          ]
C:\Program Files (x86)\Microsoft Visual Studio\2019\Community\VC\Tools\MSVC\14.28.29333\include\algorithm(7475,22): warning C4244: 'argument': conversion from 'double' to 'const _Ty', possible loss of data
          with
          [
              _Ty=int
          ]
C:\Program Files (x86)\Microsoft Visual Studio\2019\Community\VC\Tools\MSVC\14.28.29333\include\algorithm(7479,92): warning C4244: 'argument': conversion from 'double' to 'const _Ty', possible loss of data
          with
          [
              _Ty=int
          ]
C:\Program Files (x86)\Microsoft Visual Studio\2019\Community\VC\Tools\MSVC\14.28.29333\include\algorithm(7479,82): warning C4244: 'argument': conversion from 'double' to 'const _Ty', possible loss of data
          with
          [
              _Ty=int
          ]
C:\Program Files (x86)\Microsoft Visual Studio\2019\Community\VC\Tools\MSVC\14.28.29333\include\algorithm(7490,40): warning C4244: 'argument': conversion from 'double' to 'const _Ty', possible loss of data
          with
          [
              _Ty=int
          ]
C:\Program Files (x86)\Microsoft Visual Studio\2019\Community\VC\Tools\MSVC\14.28.29333\include\algorithm(7490,30): warning C4244: 'argument': conversion from 'double' to 'const _Ty', possible loss of data
          with
          [
              _Ty=int
          ]
C:\Program Files (x86)\Microsoft Visual Studio\2019\Community\VC\Tools\MSVC\14.28.29333\include\algorithm(7503,40): warning C4244: 'argument': conversion from 'double' to 'const _Ty', possible loss of data
          with
          [
              _Ty=int
          ]
C:\Program Files (x86)\Microsoft Visual Studio\2019\Community\VC\Tools\MSVC\14.28.29333\include\algorithm(7503,30): warning C4244: 'argument': conversion from 'double' to 'const _Ty', possible loss of data
          with
          [
              _Ty=int
          ]
C:\Program Files (x86)\Microsoft Visual Studio\2019\Community\VC\Tools\MSVC\14.28.29333\include\xutility(1616,57): warning C4244: 'argument': conversion from 'double' to 'const _Ty', possible loss of data
          with
          [
              _Ty=int
          ]
C:\Program Files (x86)\Microsoft Visual Studio\2019\Community\VC\Tools\MSVC\14.28.29333\include\algorithm(7417): message : see reference to function template instantiation 'bool std::_Debug_lt_pred<_Pr&,double&,double&,0>(std::greater<int>&,_Ty1,_Ty2) noexcept(false)' being compiled
          with
          [
              _Pr=std::greater<int>,
              _Ty1=double &,
              _Ty2=double &
          ]
C:\Program Files (x86)\Microsoft Visual Studio\2019\Community\VC\Tools\MSVC\14.28.29333\include\algorithm(7541): message : see reference to function template instantiation '_BidIt std::_Insertion_sort_unchecked<_RanIt,_Pr>(const _BidIt,const _BidIt,_Pr)' being compiled
          with
          [
              _BidIt=double *,
              _RanIt=double *,
              _Pr=std::greater<int>
          ]
C:\Program Files (x86)\Microsoft Visual Studio\2019\Community\VC\Tools\MSVC\14.28.29333\include\xutility(1616,50): warning C4244: 'argument': conversion from 'double' to 'const _Ty', possible loss of data
          with
          [
              _Ty=int
          ]
C:\Program Files (x86)\Microsoft Visual Studio\2019\Community\VC\Tools\MSVC\14.28.29333\include\xutility(1618,9): warning C4244: 'argument': conversion from 'double' to 'const _Ty', possible loss of data
          with
          [
              _Ty=int
          ]
  Generating Code...
  IML-Parser-Console.vcxproj -> D:\1.Sofia University Bachelor\Third Course\Data Structures\project iml\IML-Parser-Console\Debug\IML-Parser-Console.exe
